android/client/proguard/seeds.txt
com.tweetlanes.android.App
com.tweetlanes.android.App: App()
com.tweetlanes.android.AppBroadcastReceiver
com.tweetlanes.android.AppBroadcastReceiver: AppBroadcastReceiver()
com.tweetlanes.android.R$array: int namedisplay_list_preference
com.tweetlanes.android.R$array: int namedisplayvalues_list_preference
com.tweetlanes.android.R$array: int profileimagesize_list_preference
com.tweetlanes.android.R$array: int profileimagesizevalues_list_preference
com.tweetlanes.android.R$array: int quote_list_preference
com.tweetlanes.android.R$array: int quotevalues_list_preference
com.tweetlanes.android.R$array: int statussize_list_preference
com.tweetlanes.android.R$array: int statussizevalues_list_preference
com.tweetlanes.android.R$array: int theme_list_preference
com.tweetlanes.android.R$array: int themevalues_list_preference
com.tweetlanes.android.R$array: int tutorial_titles
com.tweetlanes.android.R$attr: int activeColor
com.tweetlanes.android.R$attr: int activeType
com.tweetlanes.android.R$attr: int adapterViewBackground
com.tweetlanes.android.R$attr: int background
com.tweetlanes.android.R$attr: int centered
com.tweetlanes.android.R$attr: int clipPadding
com.tweetlanes.android.R$attr: int customTypeface
com.tweetlanes.android.R$attr: int fadeDelay
com.tweetlanes.android.R$attr: int fadeLength
com.tweetlanes.android.R$attr: int fadeOut
com.tweetlanes.android.R$attr: int fades
com.tweetlanes.android.R$attr: int feedBackground
com.tweetlanes.android.R$attr: int feed_divider
com.tweetlanes.android.R$attr: int footerColor
com.tweetlanes.android.R$attr: int footerLineHeight
com.tweetlanes.android.R$attr: int footerTriangleHeight
com.tweetlanes.android.R$attr: int freeForLifeBackground
com.tweetlanes.android.R$attr: int headerBackground
com.tweetlanes.android.R$attr: int headerTextColor
com.tweetlanes.android.R$attr: int ic_action_camera
com.tweetlanes.android.R$attr: int ic_action_collapse
com.tweetlanes.android.R$attr: int ic_action_expand
com.tweetlanes.android.R$attr: int ic_action_message
com.tweetlanes.android.R$attr: int ic_action_overflow
com.tweetlanes.android.R$attr: int ic_action_rt_off
com.tweetlanes.android.R$attr: int ic_action_rt_on
com.tweetlanes.android.R$attr: int ic_action_save
com.tweetlanes.android.R$attr: int ic_action_search
com.tweetlanes.android.R$attr: int ic_action_select_image
com.tweetlanes.android.R$bool: int default_title_indicator_selected_bold
com.tweetlanes.android.R$bool: int default_underline_indicator_fades
com.tweetlanes.android.R$color: int default_title_indicator_footer_color
com.tweetlanes.android.R$color: int default_title_indicator_selected_color
com.tweetlanes.android.R$color: int default_title_indicator_text_color
com.tweetlanes.android.R$color: int default_underline_indicator_selected_color
com.tweetlanes.android.R$color: int feed_seperator_color_dark
com.tweetlanes.android.R$color: int feed_seperator_color_light
com.tweetlanes.android.R$color: int holo_blue_back
com.tweetlanes.android.R$color: int list_background
com.tweetlanes.android.R$color: int message_count_color
com.tweetlanes.android.R$color: int read_bgcolor
com.tweetlanes.android.R$color: int red
com.tweetlanes.android.R$color: int text_color_holo_blue
com.tweetlanes.android.R$color: int text_hairline
com.tweetlanes.android.R$color: int timestamp_color
com.tweetlanes.android.R$color: int unread_bgcolor
com.tweetlanes.android.R$color: int vpi__background_holo_dark
com.tweetlanes.android.R$color: int vpi__background_holo_light
com.tweetlanes.android.R$color: int vpi__bright_foreground_disabled_holo_dark
com.tweetlanes.android.R$color: int vpi__bright_foreground_disabled_holo_light
com.tweetlanes.android.R$color: int vpi__bright_foreground_holo_dark
com.tweetlanes.android.R$color: int vpi__bright_foreground_holo_light
com.tweetlanes.android.R$color: int vpi__bright_foreground_inverse_holo_dark
com.tweetlanes.android.R$color: int vpi__bright_foreground_inverse_holo_light
...
twitter4j.internal.json.RelationshipJSONImpl
twitter4j.internal.json.RelationshipJSONImpl: long serialVersionUID
twitter4j.internal.json.RelationshipJSONImpl: long targetUserId
twitter4j.internal.json.RelationshipJSONImpl: java.lang.String targetUserScreenName
twitter4j.internal.json.RelationshipJSONImpl: boolean sourceBlockingTarget
twitter4j.internal.json.RelationshipJSONImpl: boolean sourceNotificationsEnabled
twitter4j.internal.json.RelationshipJSONImpl: boolean sourceFollowingTarget
twitter4j.internal.json.RelationshipJSONImpl: boolean sourceFollowedByTarget
twitter4j.internal.json.RelationshipJSONImpl: long sourceUserId
twitter4j.internal.json.RelationshipJSONImpl: java.lang.String sourceUserScreenName
twitter4j.internal.json.RelationshipJSONImpl: boolean wantRetweets
twitter4j.internal.json.RelationshipJSONImpl: RelationshipJSONImpl(twitter4j.internal.http.HttpResponse,twitter4j.conf.Configuration)
twitter4j.internal.json.RelationshipJSONImpl: RelationshipJSONImpl(twitter4j.internal.org.json.JSONObject)
twitter4j.internal.json.RelationshipJSONImpl: RelationshipJSONImpl(twitter4j.internal.http.HttpResponse,twitter4j.internal.org.json.JSONObject)
twitter4j.internal.json.RelationshipJSONImpl: twitter4j.ResponseList createRelationshipList(twitter4j.internal.http.HttpResponse,twitter4j.conf.Configuration)
twitter4j.internal.json.RelationshipJSONImpl: long getSourceUserId()
twitter4j.internal.json.RelationshipJSONImpl: long getTargetUserId()
twitter4j.internal.json.ResponseListImpl
twitter4j.internal.json.ResponseListImpl: twitter4j.RateLimitStatus rateLimitStatus
twitter4j.internal.json.ResponseListImpl: int accessLevel
twitter4j.internal.json.ResponseListImpl: long serialVersionUID
twitter4j.internal.json.ResponseListImpl: ResponseListImpl(twitter4j.internal.http.HttpResponse)
twitter4j.internal.json.ResponseListImpl: ResponseListImpl(int,twitter4j.internal.http.HttpResponse)
twitter4j.internal.json.ResponseListImpl: ResponseListImpl(twitter4j.RateLimitStatus,int)
twitter4j.internal.json.ResponseListImpl: void init(twitter4j.internal.http.HttpResponse)
twitter4j.internal.json.ResponseListImpl: twitter4j.RateLimitStatus getRateLimitStatus()
twitter4j.internal.json.ResponseListImpl: int getAccessLevel()
twitter4j.internal.json.SavedSearchJSONImpl
twitter4j.internal.json.SavedSearchJSONImpl: java.util.Date createdAt
twitter4j.internal.json.SavedSearchJSONImpl: java.lang.String query
twitter4j.internal.json.SavedSearchJSONImpl: int position
twitter4j.internal.json.SavedSearchJSONImpl: java.lang.String name
twitter4j.internal.json.SavedSearchJSONImpl: int id
twitter4j.internal.json.SavedSearchJSONImpl: long serialVersionUID
twitter4j.internal.json.SavedSearchJSONImpl: SavedSearchJSONImpl(twitter4j.internal.http.HttpResponse,twitter4j.conf.Configuration)
twitter4j.internal.json.SavedSearchJSONImpl: SavedSearchJSONImpl(twitter4j.internal.org.json.JSONObject)
twitter4j.internal.json.SavedSearchJSONImpl: twitter4j.ResponseList createSavedSearchList(twitter4j.internal.http.HttpResponse,twitter4j.conf.Configuration)
twitter4j.internal.json.SavedSearchJSONImpl: void init(twitter4j.internal.org.json.JSONObject)
twitter4j.internal.json.SavedSearchJSONImpl: int compareTo(twitter4j.SavedSearch)
twitter4j.internal.json.SavedSearchJSONImpl: java.util.Date getCreatedAt()
twitter4j.internal.json.SavedSearchJSONImpl: java.lang.String getQuery()
twitter4j.internal.json.SavedSearchJSONImpl: int getPosition()
twitter4j.internal.json.SavedSearchJSONImpl: java.lang.String getName()
twitter4j.internal.json.SavedSearchJSONImpl: int getId()
twitter4j.internal.json.SavedSearchJSONImpl: boolean equals(java.lang.Object)
twitter4j.internal.json.SavedSearchJSONImpl: int hashCode()