android/client/proguard/usage.txt
com.tweetlanes.android.App:
    68:68:public static int getAppVersionNumber()
    115:115:public java.lang.Integer getLastAccountKey()
    164:164:public int getProfileLaneDefaultIndex()
    176:176:public int getSearchLaneDefaultIndex()
    188:188:public int getTweetSpotlightLaneDefaultIndex()
    200:200:public android.content.SharedPreferences getPreferences()
    572:572:public org.tweetalib.android.ConnectionStatus$Callbacks getConnectionStatusCallbacks()
com.tweetlanes.android.AppSettings:
    public static final boolean DEFAULT_DOWNLOAD_IMAGES
    public static final boolean DEFAULT_VOLSCROLL
    public static final boolean DEFAULT_DIMSCREEN
    public static final boolean DEFAULT_SHOW_TABLET_MARGIN
    public static final boolean DEFAULT_SHOW_TWEET_SOURCE
    private static final java.lang.String STATUS_SIZE_EXTRA_SMALL
    private static final java.lang.String STATUS_SIZE_SMALL
    private static final java.lang.String STATUS_SIZE_MEDIUM
    private static final java.lang.String STATUS_SIZE_LARGE
    private static final java.lang.String STATUS_SIZE_EXTRA_LARGE
    private static final java.lang.String STATUS_SIZE_DEFAULT
    private static final java.lang.String PROFILE_IMAGE_SIZE_SMALL
    private static final java.lang.String PROFILE_IMAGE_SIZE_MEDIUM
    private static final java.lang.String PROFILE_IMAGE_SIZE_LARGE
    private static final java.lang.String PROFILE_IMAGE_SIZE_DEFAULT
    public static final java.lang.String THEME_LIGHT
    public static final java.lang.String THEME_DEFAULT
    public static final java.lang.String QUOTE_TYPE_STANDARD
    public static final java.lang.String QUOTE_TYPE_RT
    public static final java.lang.String QUOTE_TYPE_VIA
    public static final java.lang.String QUOTE_TYPE_DEFAULT
    public static final java.lang.String NAME_DISPLAY_USERNAME
    public static final java.lang.String NAME_DISPLAY_NAME
com.tweetlanes.android.AppSettings$NameDisplay
com.tweetlanes.android.AppSettings$ProfileImageSize:
    1:1:public static com.tweetlanes.android.AppSettings$ProfileImageSize valueOf(java.lang.String)
com.tweetlanes.android.AppSettings$QuoteType:
    1:1:public static com.tweetlanes.android.AppSettings$QuoteType valueOf(java.lang.String)
com.tweetlanes.android.AppSettings$StatusSize:
    1:1:public static com.tweetlanes.android.AppSettings$StatusSize valueOf(java.lang.String)
com.tweetlanes.android.AppSettings$Theme:
    1:1:public static com.tweetlanes.android.AppSettings$Theme[] values()
    1:1:public static com.tweetlanes.android.AppSettings$Theme valueOf(java.lang.String)
com.tweetlanes.android.BuildConfig
...
android.support.v4.view.accessibility.AccessibilityManagerCompatIcs$AccessibilityStateChangeListenerBridge
android.support.v4.view.accessibility.AccessibilityNodeInfoCompat
android.support.v4.view.accessibility.AccessibilityNodeInfoCompat$AccessibilityNodeInfoIcsImpl
android.support.v4.view.accessibility.AccessibilityNodeInfoCompat$AccessibilityNodeInfoImpl
android.support.v4.view.accessibility.AccessibilityNodeInfoCompat$AccessibilityNodeInfoStubImpl
android.support.v4.view.accessibility.AccessibilityNodeInfoCompatIcs
android.support.v4.view.accessibility.AccessibilityRecordCompat
android.support.v4.view.accessibility.AccessibilityRecordCompat$AccessibilityRecordIcsImpl
android.support.v4.view.accessibility.AccessibilityRecordCompat$AccessibilityRecordImpl
android.support.v4.view.accessibility.AccessibilityRecordCompat$AccessibilityRecordStubImpl
android.support.v4.view.accessibility.AccessibilityRecordCompatIcs
android.support.v4.widget.CursorAdapter
android.support.v4.widget.CursorAdapter$ChangeObserver
android.support.v4.widget.CursorAdapter$MyDataSetObserver
android.support.v4.widget.CursorFilter
android.support.v4.widget.CursorFilter$CursorFilterClient
android.support.v4.widget.EdgeEffectCompat:
    204:204:public boolean onAbsorb(int)
android.support.v4.widget.EdgeEffectCompat$BaseEdgeEffectImpl:
    82:82:public boolean onAbsorb(java.lang.Object,int)
android.support.v4.widget.EdgeEffectCompat$EdgeEffectIcsImpl:
    116:116:public boolean onAbsorb(java.lang.Object,int)
android.support.v4.widget.EdgeEffectCompat$EdgeEffectImpl:
    public abstract boolean onAbsorb(java.lang.Object,int)
android.support.v4.widget.EdgeEffectCompatIcs:
    28:28:EdgeEffectCompatIcs()
    57:58:public static boolean onAbsorb(java.lang.Object,int)
android.support.v4.widget.ResourceCursorAdapter
android.support.v4.widget.SearchViewCompat
android.support.v4.widget.SearchViewCompat$OnQueryTextListenerCompat
android.support.v4.widget.SearchViewCompat$SearchViewCompatHoneycombImpl
android.support.v4.widget.SearchViewCompat$SearchViewCompatHoneycombImpl$1
android.support.v4.widget.SearchViewCompat$SearchViewCompatImpl
android.support.v4.widget.SearchViewCompat$SearchViewCompatStubImpl
android.support.v4.widget.SearchViewCompatHoneycomb
android.support.v4.widget.SearchViewCompatHoneycomb$1
android.support.v4.widget.SearchViewCompatHoneycomb$OnQueryTextListenerCompatBridge
android.support.v4.widget.SimpleCursorAdapter
android.support.v4.widget.SimpleCursorAdapter$CursorToStringConverter
android.support.v4.widget.SimpleCursorAdapter$ViewBinder
com.crittercism.NewFeedbackCreateActivity:
    public static synthetic void a(com.crittercism.NewFeedbackCreateActivity,android.app.AlertDialog)
    public static synthetic android.app.AlertDialog a(com.crittercism.NewFeedbackCreateActivity)
    static synthetic void a(com.crittercism.NewFeedbackCreateActivity,java.lang.String)
    public static synthetic java.lang.String b(com.crittercism.NewFeedbackCreateActivity)
    public static synthetic java.lang.String c(com.crittercism.NewFeedbackCreateActivity)
    public static synthetic void a(com.crittercism.NewFeedbackCreateActivity,com.crittercism.NewFeedbackCreateActivity$a)
    public static synthetic com.crittercism.NewFeedbackCreateActivity$a d(com.crittercism.NewFeedbackCreateActivity)
com.crittercism.NewFeedbackCreateActivity$a:
    public NewFeedbackCreateActivity$a(com.crittercism.NewFeedbackCreateActivity,org.json.JSONObject)
com.crittercism.NewFeedbackCreateActivity$b:
    public final void popupAlert()
    public final void sendFeedback(java.lang.String)